# JRE version: Java(TM) SE Runtime Environment (8.0_241-b07) (build 1.8.0_241-b07)
# Java VM: Java HotSpot(TM) 64-Bit Server VM (25.241-b07 mixed mode windows-amd64 compressed oops)
Heap:
 PSYoungGen      total 27648K, used 12304K [0x00000000d6980000, 0x00000000d9d00000, 0x0000000100000000)
  eden space 27136K, 44% used [0x00000000d6980000,0x00000000d754c2e0,0x00000000d8400000)
  from space 512K, 43% used [0x00000000d8480000,0x00000000d84b8000,0x00000000d8500000)
  to   space 12800K, 0% used [0x00000000d9080000,0x00000000d9080000,0x00000000d9d00000)
 ParOldGen       total 86016K, used 24859K [0x0000000083c00000, 0x0000000089000000, 0x00000000d6980000)
  object space 86016K, 28% used [0x0000000083c00000,0x0000000085446fb8,0x0000000089000000)
 Metaspace       used 19624K, capacity 20296K, committed 20480K, reserved 1067008K
  class space    used 2558K, capacity 2747K, committed 2816K, reserved 1048576K
GC Heap History (10 events):
Event: 52.517 GC heap before
{Heap before GC invocations=11 (full 0):
 PSYoungGen      total 43520K, used 29824K [0x00000000d6980000, 0x00000000da280000, 0x0000000100000000)
  eden space 29696K, 100% used [0x00000000d6980000,0x00000000d8680000,0x00000000d8680000)
  from space 13824K, 0% used [0x00000000d9500000,0x00000000d9520000,0x00000000da280000)
  to   space 14336K, 0% used [0x00000000d8680000,0x00000000d8680000,0x00000000d9480000)
 ParOldGen       total 86016K, used 20903K [0x0000000083c00000, 0x0000000089000000, 0x00000000d6980000)
  object space 86016K, 24% used [0x0000000083c00000,0x0000000085069e68,0x0000000089000000)
 Metaspace       used 18265K, capacity 18974K, committed 19072K, reserved 1064960K
  class space    used 2416K, capacity 2608K, committed 2688K, reserved 1048576K
Event: 52.518 GC heap after
Heap after GC invocations=11 (full 0):
 PSYoungGen      total 29696K, used 192K [0x00000000d6980000, 0x00000000da200000, 0x0000000100000000)
  eden space 29184K, 0% used [0x00000000d6980000,0x00000000d6980000,0x00000000d8600000)
  from space 512K, 37% used [0x00000000d8680000,0x00000000d86b0000,0x00000000d8700000)
  to   space 14336K, 0% used [0x00000000d9400000,0x00000000d9400000,0x00000000da200000)
 ParOldGen       total 86016K, used 20927K [0x0000000083c00000, 0x0000000089000000, 0x00000000d6980000)
  object space 86016K, 24% used [0x0000000083c00000,0x000000008506fe68,0x0000000089000000)
 Metaspace       used 18265K, capacity 18974K, committed 19072K, reserved 1064960K
  class space    used 2416K, capacity 2608K, committed 2688K, reserved 1048576K
}
Event: 54.354 GC heap before
{Heap before GC invocations=12 (full 0):
 PSYoungGen      total 29696K, used 29376K [0x00000000d6980000, 0x00000000da200000, 0x0000000100000000)
  eden space 29184K, 100% used [0x00000000d6980000,0x00000000d8600000,0x00000000d8600000)
  from space 512K, 37% used [0x00000000d8680000,0x00000000d86b0000,0x00000000d8700000)
  to   space 14336K, 0% used [0x00000000d9400000,0x00000000d9400000,0x00000000da200000)
 ParOldGen       total 86016K, used 20927K [0x0000000083c00000, 0x0000000089000000, 0x00000000d6980000)
  object space 86016K, 24% used [0x0000000083c00000,0x000000008506fe68,0x0000000089000000)
 Metaspace       used 18580K, capacity 19276K, committed 19584K, reserved 1067008K
  class space    used 2460K, capacity 2643K, committed 2688K, reserved 1048576K
Event: 54.356 GC heap after
Heap after GC invocations=12 (full 0):
 PSYoungGen      total 40448K, used 3972K [0x00000000d6980000, 0x00000000d9f80000, 0x0000000100000000)
  eden space 28672K, 0% used [0x00000000d6980000,0x00000000d6980000,0x00000000d8580000)
  from space 11776K, 33% used [0x00000000d9400000,0x00000000d97e1150,0x00000000d9f80000)
  to   space 13312K, 0% used [0x00000000d8580000,0x00000000d8580000,0x00000000d9280000)
 ParOldGen       total 86016K, used 20967K [0x0000000083c00000, 0x0000000089000000, 0x00000000d6980000)
  object space 86016K, 24% used [0x0000000083c00000,0x0000000085079e68,0x0000000089000000)
 Metaspace       used 18580K, capacity 19276K, committed 19584K, reserved 1067008K
  class space    used 2460K, capacity 2643K, committed 2688K, reserved 1048576K
}
Event: 56.320 GC heap before
{Heap before GC invocations=13 (full 0):
 PSYoungGen      total 40448K, used 32644K [0x00000000d6980000, 0x00000000d9f80000, 0x0000000100000000)
  eden space 28672K, 100% used [0x00000000d6980000,0x00000000d8580000,0x00000000d8580000)
  from space 11776K, 33% used [0x00000000d9400000,0x00000000d97e1150,0x00000000d9f80000)
  to   space 13312K, 0% used [0x00000000d8580000,0x00000000d8580000,0x00000000d9280000)
 ParOldGen       total 86016K, used 20967K [0x0000000083c00000, 0x0000000089000000, 0x00000000d6980000)
  object space 86016K, 24% used [0x0000000083c00000,0x0000000085079e68,0x0000000089000000)
 Metaspace       used 18609K, capacity 19276K, committed 19584K, reserved 1067008K
  class space    used 2460K, capacity 2643K, committed 2688K, reserved 1048576K
Event: 56.324 GC heap after
Heap after GC invocations=13 (full 0):
 PSYoungGen      total 28672K, used 192K [0x00000000d6980000, 0x00000000d9f00000, 0x0000000100000000)
  eden space 28160K, 0% used [0x00000000d6980000,0x00000000d6980000,0x00000000d8500000)
  from space 512K, 37% used [0x00000000d8580000,0x00000000d85b0000,0x00000000d8600000)
  to   space 13312K, 0% used [0x00000000d9200000,0x00000000d9200000,0x00000000d9f00000)
 ParOldGen       total 86016K, used 24755K [0x0000000083c00000, 0x0000000089000000, 0x00000000d6980000)
  object space 86016K, 28% used [0x0000000083c00000,0x000000008542cfb8,0x0000000089000000)
 Metaspace       used 18609K, capacity 19276K, committed 19584K, reserved 1067008K
  class space    used 2460K, capacity 2643K, committed 2688K, reserved 1048576K
}
Event: 58.223 GC heap before
{Heap before GC invocations=14 (full 0):
 PSYoungGen      total 28672K, used 28352K [0x00000000d6980000, 0x00000000d9f00000, 0x0000000100000000)
  eden space 28160K, 100% used [0x00000000d6980000,0x00000000d8500000,0x00000000d8500000)
  from space 512K, 37% used [0x00000000d8580000,0x00000000d85b0000,0x00000000d8600000)
  to   space 13312K, 0% used [0x00000000d9200000,0x00000000d9200000,0x00000000d9f00000)
 ParOldGen       total 86016K, used 24755K [0x0000000083c00000, 0x0000000089000000, 0x00000000d6980000)
  object space 86016K, 28% used [0x0000000083c00000,0x000000008542cfb8,0x0000000089000000)
 Metaspace       used 18673K, capacity 19404K, committed 19584K, reserved 1067008K
  class space    used 2460K, capacity 2643K, committed 2688K, reserved 1048576K
Event: 58.224 GC heap after
Heap after GC invocations=14 (full 0):
 PSYoungGen      total 39424K, used 224K [0x00000000d6980000, 0x00000000d9d80000, 0x0000000100000000)
  eden space 27648K, 0% used [0x00000000d6980000,0x00000000d6980000,0x00000000d8480000)
  from space 11776K, 1% used [0x00000000d9200000,0x00000000d9238000,0x00000000d9d80000)
  to   space 12800K, 0% used [0x00000000d8480000,0x00000000d8480000,0x00000000d9100000)
 ParOldGen       total 86016K, used 24811K [0x0000000083c00000, 0x0000000089000000, 0x00000000d6980000)
  object space 86016K, 28% used [0x0000000083c00000,0x000000008543afb8,0x0000000089000000)
 Metaspace       used 18673K, capacity 19404K, committed 19584K, reserved 1067008K
  class space    used 2460K, capacity 2643K, committed 2688K, reserved 1048576K
}
Event: 60.191 GC heap before
{Heap before GC invocations=15 (full 0):
 PSYoungGen      total 39424K, used 27872K [0x00000000d6980000, 0x00000000d9d80000, 0x0000000100000000)
  eden space 27648K, 100% used [0x00000000d6980000,0x00000000d8480000,0x00000000d8480000)
  from space 11776K, 1% used [0x00000000d9200000,0x00000000d9238000,0x00000000d9d80000)
  to   space 12800K, 0% used [0x00000000d8480000,0x00000000d8480000,0x00000000d9100000)
 ParOldGen       total 86016K, used 24811K [0x0000000083c00000, 0x0000000089000000, 0x00000000d6980000)
  object space 86016K, 28% used [0x0000000083c00000,0x000000008543afb8,0x0000000089000000)
 Metaspace       used 18686K, capacity 19404K, committed 19584K, reserved 1067008K
  class space    used 2460K, capacity 2643K, committed 2688K, reserved 1048576K
Event: 60.192 GC heap after
Heap after GC invocations=15 (full 0):
 PSYoungGen      total 27648K, used 224K [0x00000000d6980000, 0x00000000d9d00000, 0x0000000100000000)
  eden space 27136K, 0% used [0x00000000d6980000,0x00000000d6980000,0x00000000d8400000)
  from space 512K, 43% used [0x00000000d8480000,0x00000000d84b8000,0x00000000d8500000)
  to   space 12800K, 0% used [0x00000000d9080000,0x00000000d9080000,0x00000000d9d00000)
 ParOldGen       total 86016K, used 24859K [0x0000000083c00000, 0x0000000089000000, 0x00000000d6980000)
  object space 86016K, 28% used [0x0000000083c00000,0x0000000085446fb8,0x0000000089000000)
 Metaspace       used 18686K, capacity 19404K, committed 19584K, reserved 1067008K
  class space    used 2460K, capacity 2643K, committed 2688K, reserved 1048576K
}

