# JRE version: Java(TM) SE Runtime Environment (8.0_241-b07) (build 1.8.0_241-b07)
# Java VM: Java HotSpot(TM) 64-Bit Server VM (25.241-b07 mixed mode windows-amd64 compressed oops)
Heap:
 PSYoungGen      total 44032K, used 39456K [0x00000000d6980000, 0x00000000da380000, 0x0000000100000000)
  eden space 31744K, 99% used [0x00000000d6980000,0x00000000d884ef58,0x00000000d8880000)
  from space 12288K, 64% used [0x00000000d9780000,0x00000000d9f391c0,0x00000000da380000)
  to   space 13824K, 0% used [0x00000000d8880000,0x00000000d8880000,0x00000000d9600000)
 ParOldGen       total 86016K, used 14350K [0x0000000083c00000, 0x0000000089000000, 0x00000000d6980000)
  object space 86016K, 16% used [0x0000000083c00000,0x0000000084a039c8,0x0000000089000000)
 Metaspace       used 18934K, capacity 19576K, committed 19712K, reserved 1067008K
  class space    used 2544K, capacity 2729K, committed 2816K, reserved 1048576K
GC Heap History (10 events):
Event: 8.501 GC heap before
{Heap before GC invocations=2 (full 0):
 PSYoungGen      total 37888K, used 37856K [0x00000000d6980000, 0x00000000d9380000, 0x0000000100000000)
  eden space 32768K, 100% used [0x00000000d6980000,0x00000000d8980000,0x00000000d8980000)
  from space 5120K, 99% used [0x00000000d8980000,0x00000000d8e78060,0x00000000d8e80000)
  to   space 5120K, 0% used [0x00000000d8e80000,0x00000000d8e80000,0x00000000d9380000)
 ParOldGen       total 86016K, used 6893K [0x0000000083c00000, 0x0000000089000000, 0x00000000d6980000)
  object space 86016K, 8% used [0x0000000083c00000,0x00000000842bb478,0x0000000089000000)
 Metaspace       used 17035K, capacity 17696K, committed 17920K, reserved 1064960K
  class space    used 2386K, capacity 2553K, committed 2560K, reserved 1048576K
Event: 8.507 GC heap after
Heap after GC invocations=2 (full 0):
 PSYoungGen      total 37888K, used 5088K [0x00000000d6980000, 0x00000000d9380000, 0x0000000100000000)
  eden space 32768K, 0% used [0x00000000d6980000,0x00000000d6980000,0x00000000d8980000)
  from space 5120K, 99% used [0x00000000d8e80000,0x00000000d9378060,0x00000000d9380000)
  to   space 5120K, 0% used [0x00000000d8980000,0x00000000d8980000,0x00000000d8e80000)
 ParOldGen       total 86016K, used 13166K [0x0000000083c00000, 0x0000000089000000, 0x00000000d6980000)
  object space 86016K, 15% used [0x0000000083c00000,0x00000000848db9b8,0x0000000089000000)
 Metaspace       used 17035K, capacity 17696K, committed 17920K, reserved 1064960K
  class space    used 2386K, capacity 2553K, committed 2560K, reserved 1048576K
}
Event: 9.166 GC heap before
{Heap before GC invocations=3 (full 0):
 PSYoungGen      total 37888K, used 37856K [0x00000000d6980000, 0x00000000d9380000, 0x0000000100000000)
  eden space 32768K, 100% used [0x00000000d6980000,0x00000000d8980000,0x00000000d8980000)
  from space 5120K, 99% used [0x00000000d8e80000,0x00000000d9378060,0x00000000d9380000)
  to   space 5120K, 0% used [0x00000000d8980000,0x00000000d8980000,0x00000000d8e80000)
 ParOldGen       total 86016K, used 13166K [0x0000000083c00000, 0x0000000089000000, 0x00000000d6980000)
  object space 86016K, 15% used [0x0000000083c00000,0x00000000848db9b8,0x0000000089000000)
 Metaspace       used 17292K, capacity 17958K, committed 18304K, reserved 1064960K
  class space    used 2406K, capacity 2594K, committed 2688K, reserved 1048576K
Event: 9.171 GC heap after
Heap after GC invocations=3 (full 0):
 PSYoungGen      total 37888K, used 5104K [0x00000000d6980000, 0x00000000d9380000, 0x0000000100000000)
  eden space 32768K, 0% used [0x00000000d6980000,0x00000000d6980000,0x00000000d8980000)
  from space 5120K, 99% used [0x00000000d8980000,0x00000000d8e7c070,0x00000000d8e80000)
  to   space 5120K, 0% used [0x00000000d8e80000,0x00000000d8e80000,0x00000000d9380000)
 ParOldGen       total 86016K, used 13238K [0x0000000083c00000, 0x0000000089000000, 0x00000000d6980000)
  object space 86016K, 15% used [0x0000000083c00000,0x00000000848ed9b8,0x0000000089000000)
 Metaspace       used 17292K, capacity 17958K, committed 18304K, reserved 1064960K
  class space    used 2406K, capacity 2594K, committed 2688K, reserved 1048576K
}
Event: 10.269 GC heap before
{Heap before GC invocations=4 (full 0):
 PSYoungGen      total 37888K, used 37872K [0x00000000d6980000, 0x00000000d9380000, 0x0000000100000000)
  eden space 32768K, 100% used [0x00000000d6980000,0x00000000d8980000,0x00000000d8980000)
  from space 5120K, 99% used [0x00000000d8980000,0x00000000d8e7c070,0x00000000d8e80000)
  to   space 5120K, 0% used [0x00000000d8e80000,0x00000000d8e80000,0x00000000d9380000)
 ParOldGen       total 86016K, used 13238K [0x0000000083c00000, 0x0000000089000000, 0x00000000d6980000)
  object space 86016K, 15% used [0x0000000083c00000,0x00000000848ed9b8,0x0000000089000000)
 Metaspace       used 17441K, capacity 18086K, committed 18304K, reserved 1064960K
  class space    used 2406K, capacity 2594K, committed 2688K, reserved 1048576K
Event: 10.273 GC heap after
Heap after GC invocations=4 (full 0):
 PSYoungGen      total 37888K, used 5104K [0x00000000d6980000, 0x00000000d9380000, 0x0000000100000000)
  eden space 32768K, 0% used [0x00000000d6980000,0x00000000d6980000,0x00000000d8980000)
  from space 5120K, 99% used [0x00000000d8e80000,0x00000000d937c070,0x00000000d9380000)
  to   space 5120K, 0% used [0x00000000d8980000,0x00000000d8980000,0x00000000d8e80000)
 ParOldGen       total 86016K, used 13310K [0x0000000083c00000, 0x0000000089000000, 0x00000000d6980000)
  object space 86016K, 15% used [0x0000000083c00000,0x00000000848ff9b8,0x0000000089000000)
 Metaspace       used 17441K, capacity 18086K, committed 18304K, reserved 1064960K
  class space    used 2406K, capacity 2594K, committed 2688K, reserved 1048576K
}
Event: 11.665 GC heap before
{Heap before GC invocations=5 (full 0):
 PSYoungGen      total 37888K, used 37872K [0x00000000d6980000, 0x00000000d9380000, 0x0000000100000000)
  eden space 32768K, 100% used [0x00000000d6980000,0x00000000d8980000,0x00000000d8980000)
  from space 5120K, 99% used [0x00000000d8e80000,0x00000000d937c070,0x00000000d9380000)
  to   space 5120K, 0% used [0x00000000d8980000,0x00000000d8980000,0x00000000d8e80000)
 ParOldGen       total 86016K, used 13310K [0x0000000083c00000, 0x0000000089000000, 0x00000000d6980000)
  object space 86016K, 15% used [0x0000000083c00000,0x00000000848ff9b8,0x0000000089000000)
 Metaspace       used 17555K, capacity 18278K, committed 18560K, reserved 1064960K
  class space    used 2406K, capacity 2594K, committed 2688K, reserved 1048576K
Event: 11.673 GC heap after
Heap after GC invocations=5 (full 0):
 PSYoungGen      total 37376K, used 4160K [0x00000000d6980000, 0x00000000da600000, 0x0000000100000000)
  eden space 32256K, 0% used [0x00000000d6980000,0x00000000d6980000,0x00000000d8900000)
  from space 5120K, 81% used [0x00000000d8980000,0x00000000d8d90050,0x00000000d8e80000)
  to   space 14848K, 0% used [0x00000000d9780000,0x00000000d9780000,0x00000000da600000)
 ParOldGen       total 86016K, used 14342K [0x0000000083c00000, 0x0000000089000000, 0x00000000d6980000)
  object space 86016K, 16% used [0x0000000083c00000,0x0000000084a019c8,0x0000000089000000)
 Metaspace       used 17555K, capacity 18278K, committed 18560K, reserved 1064960K
  class space    used 2406K, capacity 2594K, committed 2688K, reserved 1048576K
}
Event: 12.970 GC heap before
{Heap before GC invocations=6 (full 0):
 PSYoungGen      total 37376K, used 36416K [0x00000000d6980000, 0x00000000da600000, 0x0000000100000000)
  eden space 32256K, 100% used [0x00000000d6980000,0x00000000d8900000,0x00000000d8900000)
  from space 5120K, 81% used [0x00000000d8980000,0x00000000d8d90050,0x00000000d8e80000)
  to   space 14848K, 0% used [0x00000000d9780000,0x00000000d9780000,0x00000000da600000)
 ParOldGen       total 86016K, used 14342K [0x0000000083c00000, 0x0000000089000000, 0x00000000d6980000)
  object space 86016K, 16% used [0x0000000083c00000,0x0000000084a019c8,0x0000000089000000)
 Metaspace       used 17942K, capacity 18644K, committed 18816K, reserved 1064960K
  class space    used 2448K, capacity 2629K, committed 2688K, reserved 1048576K
Event: 12.974 GC heap after
Heap after GC invocations=6 (full 0):
 PSYoungGen      total 44032K, used 7908K [0x00000000d6980000, 0x00000000da380000, 0x0000000100000000)
  eden space 31744K, 0% used [0x00000000d6980000,0x00000000d6980000,0x00000000d8880000)
  from space 12288K, 64% used [0x00000000d9780000,0x00000000d9f391c0,0x00000000da380000)
  to   space 13824K, 0% used [0x00000000d8880000,0x00000000d8880000,0x00000000d9600000)
 ParOldGen       total 86016K, used 14350K [0x0000000083c00000, 0x0000000089000000, 0x00000000d6980000)
  object space 86016K, 16% used [0x0000000083c00000,0x0000000084a039c8,0x0000000089000000)
 Metaspace       used 17942K, capacity 18644K, committed 18816K, reserved 1064960K
  class space    used 2448K, capacity 2629K, committed 2688K, reserved 1048576K
}

