# JRE version: Java(TM) SE Runtime Environment (8.0_241-b07) (build 1.8.0_241-b07)
# Java VM: Java HotSpot(TM) 64-Bit Server VM (25.241-b07 mixed mode windows-amd64 compressed oops)
Heap:
 PSYoungGen      total 28672K, used 19700K [0x00000000d6980000, 0x00000000d9f00000, 0x0000000100000000)
  eden space 28160K, 69% used [0x00000000d6980000,0x00000000d7c85208,0x00000000d8500000)
  from space 512K, 43% used [0x00000000d8580000,0x00000000d85b8000,0x00000000d8600000)
  to   space 13312K, 0% used [0x00000000d9200000,0x00000000d9200000,0x00000000d9f00000)
 ParOldGen       total 86016K, used 24720K [0x0000000083c00000, 0x0000000089000000, 0x00000000d6980000)
  object space 86016K, 28% used [0x0000000083c00000,0x00000000854243c0,0x0000000089000000)
 Metaspace       used 19399K, capacity 20074K, committed 20224K, reserved 1067008K
  class space    used 2556K, capacity 2746K, committed 2816K, reserved 1048576K
GC Heap History (10 events):
Event: 16.411 GC heap before
{Heap before GC invocations=9 (full 0):
 PSYoungGen      total 44032K, used 34692K [0x00000000d6980000, 0x00000000da380000, 0x0000000100000000)
  eden space 30720K, 100% used [0x00000000d6980000,0x00000000d8780000,0x00000000d8780000)
  from space 13312K, 29% used [0x00000000d9680000,0x00000000d9a61150,0x00000000da380000)
  to   space 14336K, 0% used [0x00000000d8780000,0x00000000d8780000,0x00000000d9580000)
 ParOldGen       total 86016K, used 18417K [0x0000000083c00000, 0x0000000089000000, 0x00000000d6980000)
  object space 86016K, 21% used [0x0000000083c00000,0x0000000084dfc410,0x0000000089000000)
 Metaspace       used 18257K, capacity 18942K, committed 19072K, reserved 1064960K
  class space    used 2454K, capacity 2644K, committed 2688K, reserved 1048576K
Event: 16.413 GC heap after
Heap after GC invocations=9 (full 0):
 PSYoungGen      total 34304K, used 3972K [0x00000000d6980000, 0x00000000da200000, 0x0000000100000000)
  eden space 30208K, 0% used [0x00000000d6980000,0x00000000d6980000,0x00000000d8700000)
  from space 4096K, 96% used [0x00000000d8780000,0x00000000d8b61150,0x00000000d8b80000)
  to   space 13824K, 0% used [0x00000000d9480000,0x00000000d9480000,0x00000000da200000)
 ParOldGen       total 86016K, used 18481K [0x0000000083c00000, 0x0000000089000000, 0x00000000d6980000)
  object space 86016K, 21% used [0x0000000083c00000,0x0000000084e0c410,0x0000000089000000)
 Metaspace       used 18257K, capacity 18942K, committed 19072K, reserved 1064960K
  class space    used 2454K, capacity 2644K, committed 2688K, reserved 1048576K
}
Event: 18.319 GC heap before
{Heap before GC invocations=10 (full 0):
 PSYoungGen      total 34304K, used 33559K [0x00000000d6980000, 0x00000000da200000, 0x0000000100000000)
  eden space 30208K, 97% used [0x00000000d6980000,0x00000000d8664b30,0x00000000d8700000)
  from space 4096K, 96% used [0x00000000d8780000,0x00000000d8b61150,0x00000000d8b80000)
  to   space 13824K, 0% used [0x00000000d9480000,0x00000000d9480000,0x00000000da200000)
 ParOldGen       total 86016K, used 18481K [0x0000000083c00000, 0x0000000089000000, 0x00000000d6980000)
  object space 86016K, 21% used [0x0000000083c00000,0x0000000084e0c410,0x0000000089000000)
 Metaspace       used 18324K, capacity 19008K, committed 19072K, reserved 1064960K
  class space    used 2456K, capacity 2645K, committed 2688K, reserved 1048576K
Event: 18.322 GC heap after
Heap after GC invocations=10 (full 0):
 PSYoungGen      total 43008K, used 224K [0x00000000d6980000, 0x00000000da180000, 0x0000000100000000)
  eden space 29696K, 0% used [0x00000000d6980000,0x00000000d6980000,0x00000000d8680000)
  from space 13312K, 1% used [0x00000000d9480000,0x00000000d94b8000,0x00000000da180000)
  to   space 13824K, 0% used [0x00000000d8680000,0x00000000d8680000,0x00000000d9400000)
 ParOldGen       total 86016K, used 22269K [0x0000000083c00000, 0x0000000089000000, 0x00000000d6980000)
  object space 86016K, 25% used [0x0000000083c00000,0x00000000851bf560,0x0000000089000000)
 Metaspace       used 18324K, capacity 19008K, committed 19072K, reserved 1064960K
  class space    used 2456K, capacity 2645K, committed 2688K, reserved 1048576K
}
Event: 20.083 GC heap before
{Heap before GC invocations=11 (full 0):
 PSYoungGen      total 43008K, used 29920K [0x00000000d6980000, 0x00000000da180000, 0x0000000100000000)
  eden space 29696K, 100% used [0x00000000d6980000,0x00000000d8680000,0x00000000d8680000)
  from space 13312K, 1% used [0x00000000d9480000,0x00000000d94b8000,0x00000000da180000)
  to   space 13824K, 0% used [0x00000000d8680000,0x00000000d8680000,0x00000000d9400000)
 ParOldGen       total 86016K, used 22269K [0x0000000083c00000, 0x0000000089000000, 0x00000000d6980000)
  object space 86016K, 25% used [0x0000000083c00000,0x00000000851bf560,0x0000000089000000)
 Metaspace       used 18422K, capacity 19142K, committed 19328K, reserved 1067008K
  class space    used 2460K, capacity 2646K, committed 2688K, reserved 1048576K
Event: 20.084 GC heap after
Heap after GC invocations=11 (full 0):
 PSYoungGen      total 31744K, used 2523K [0x00000000d6980000, 0x00000000da000000, 0x0000000100000000)
  eden space 29184K, 0% used [0x00000000d6980000,0x00000000d6980000,0x00000000d8600000)
  from space 2560K, 98% used [0x00000000d8680000,0x00000000d88f6e60,0x00000000d8900000)
  to   space 13312K, 0% used [0x00000000d9300000,0x00000000d9300000,0x00000000da000000)
 ParOldGen       total 86016K, used 22333K [0x0000000083c00000, 0x0000000089000000, 0x00000000d6980000)
  object space 86016K, 25% used [0x0000000083c00000,0x00000000851cf560,0x0000000089000000)
 Metaspace       used 18422K, capacity 19142K, committed 19328K, reserved 1067008K
  class space    used 2460K, capacity 2646K, committed 2688K, reserved 1048576K
}
Event: 22.014 GC heap before
{Heap before GC invocations=12 (full 0):
 PSYoungGen      total 31744K, used 31707K [0x00000000d6980000, 0x00000000da000000, 0x0000000100000000)
  eden space 29184K, 100% used [0x00000000d6980000,0x00000000d8600000,0x00000000d8600000)
  from space 2560K, 98% used [0x00000000d8680000,0x00000000d88f6e60,0x00000000d8900000)
  to   space 13312K, 0% used [0x00000000d9300000,0x00000000d9300000,0x00000000da000000)
 ParOldGen       total 86016K, used 22333K [0x0000000083c00000, 0x0000000089000000, 0x00000000d6980000)
  object space 86016K, 25% used [0x0000000083c00000,0x00000000851cf560,0x0000000089000000)
 Metaspace       used 18474K, capacity 19142K, committed 19328K, reserved 1067008K
  class space    used 2460K, capacity 2646K, committed 2688K, reserved 1048576K
Event: 22.017 GC heap after
Heap after GC invocations=12 (full 0):
 PSYoungGen      total 41472K, used 224K [0x00000000d6980000, 0x00000000d9f80000, 0x0000000100000000)
  eden space 28672K, 0% used [0x00000000d6980000,0x00000000d6980000,0x00000000d8580000)
  from space 12800K, 1% used [0x00000000d9300000,0x00000000d9338000,0x00000000d9f80000)
  to   space 13312K, 0% used [0x00000000d8580000,0x00000000d8580000,0x00000000d9280000)
 ParOldGen       total 86016K, used 24664K [0x0000000083c00000, 0x0000000089000000, 0x00000000d6980000)
  object space 86016K, 28% used [0x0000000083c00000,0x00000000854163c0,0x0000000089000000)
 Metaspace       used 18474K, capacity 19142K, committed 19328K, reserved 1067008K
  class space    used 2460K, capacity 2646K, committed 2688K, reserved 1048576K
}
Event: 23.962 GC heap before
{Heap before GC invocations=13 (full 0):
 PSYoungGen      total 41472K, used 28896K [0x00000000d6980000, 0x00000000d9f80000, 0x0000000100000000)
  eden space 28672K, 100% used [0x00000000d6980000,0x00000000d8580000,0x00000000d8580000)
  from space 12800K, 1% used [0x00000000d9300000,0x00000000d9338000,0x00000000d9f80000)
  to   space 13312K, 0% used [0x00000000d8580000,0x00000000d8580000,0x00000000d9280000)
 ParOldGen       total 86016K, used 24664K [0x0000000083c00000, 0x0000000089000000, 0x00000000d6980000)
  object space 86016K, 28% used [0x0000000083c00000,0x00000000854163c0,0x0000000089000000)
 Metaspace       used 18507K, capacity 19206K, committed 19328K, reserved 1067008K
  class space    used 2460K, capacity 2646K, committed 2688K, reserved 1048576K
Event: 23.964 GC heap after
Heap after GC invocations=13 (full 0):
 PSYoungGen      total 28672K, used 224K [0x00000000d6980000, 0x00000000d9f00000, 0x0000000100000000)
  eden space 28160K, 0% used [0x00000000d6980000,0x00000000d6980000,0x00000000d8500000)
  from space 512K, 43% used [0x00000000d8580000,0x00000000d85b8000,0x00000000d8600000)
  to   space 13312K, 0% used [0x00000000d9200000,0x00000000d9200000,0x00000000d9f00000)
 ParOldGen       total 86016K, used 24720K [0x0000000083c00000, 0x0000000089000000, 0x00000000d6980000)
  object space 86016K, 28% used [0x0000000083c00000,0x00000000854243c0,0x0000000089000000)
 Metaspace       used 18507K, capacity 19206K, committed 19328K, reserved 1067008K
  class space    used 2460K, capacity 2646K, committed 2688K, reserved 1048576K
}

