# JRE version: Java(TM) SE Runtime Environment (8.0_241-b07) (build 1.8.0_241-b07)
# Java VM: Java HotSpot(TM) 64-Bit Server VM (25.241-b07 mixed mode windows-amd64 compressed oops)
Heap:
 PSYoungGen      total 31744K, used 2748K [0x00000000d6980000, 0x00000000da200000, 0x0000000100000000)
  eden space 30208K, 4% used [0x00000000d6980000,0x00000000d6af1300,0x00000000d8700000)
  from space 1536K, 82% used [0x00000000d8780000,0x00000000d88bdd10,0x00000000d8900000)
  to   space 13824K, 0% used [0x00000000d9480000,0x00000000d9480000,0x00000000da200000)
 ParOldGen       total 57344K, used 16454K [0x0000000083c00000, 0x0000000087400000, 0x00000000d6980000)
  object space 57344K, 28% used [0x0000000083c00000,0x0000000084c11998,0x0000000087400000)
 Metaspace       used 22452K, capacity 23212K, committed 23424K, reserved 1069056K
  class space    used 2934K, capacity 3131K, committed 3200K, reserved 1048576K
GC Heap History (10 events):
Event: 18.599 GC heap before
{Heap before GC invocations=6 (full 0):
 PSYoungGen      total 37376K, used 37344K [0x00000000d6980000, 0x00000000da400000, 0x0000000100000000)
  eden space 32256K, 100% used [0x00000000d6980000,0x00000000d8900000,0x00000000d8900000)
  from space 5120K, 99% used [0x00000000d8980000,0x00000000d8e78060,0x00000000d8e80000)
  to   space 13824K, 0% used [0x00000000d9680000,0x00000000d9680000,0x00000000da400000)
 ParOldGen       total 86016K, used 11309K [0x0000000083c00000, 0x0000000089000000, 0x00000000d6980000)
  object space 86016K, 13% used [0x0000000083c00000,0x000000008470b590,0x0000000089000000)
 Metaspace       used 17664K, capacity 18352K, committed 18560K, reserved 1064960K
  class space    used 2406K, capacity 2599K, committed 2688K, reserved 1048576K
Event: 18.605 GC heap after
Heap after GC invocations=6 (full 0):
 PSYoungGen      total 44032K, used 5168K [0x00000000d6980000, 0x00000000da280000, 0x0000000100000000)
  eden space 31744K, 0% used [0x00000000d6980000,0x00000000d6980000,0x00000000d8880000)
  from space 12288K, 42% used [0x00000000d9680000,0x00000000d9b8c070,0x00000000da280000)
  to   space 13312K, 0% used [0x00000000d8880000,0x00000000d8880000,0x00000000d9580000)
 ParOldGen       total 86016K, used 11317K [0x0000000083c00000, 0x0000000089000000, 0x00000000d6980000)
  object space 86016K, 13% used [0x0000000083c00000,0x000000008470d590,0x0000000089000000)
 Metaspace       used 17664K, capacity 18352K, committed 18560K, reserved 1064960K
  class space    used 2406K, capacity 2599K, committed 2688K, reserved 1048576K
}
Event: 20.233 GC heap before
{Heap before GC invocations=7 (full 0):
 PSYoungGen      total 44032K, used 36912K [0x00000000d6980000, 0x00000000da280000, 0x0000000100000000)
  eden space 31744K, 100% used [0x00000000d6980000,0x00000000d8880000,0x00000000d8880000)
  from space 12288K, 42% used [0x00000000d9680000,0x00000000d9b8c070,0x00000000da280000)
  to   space 13312K, 0% used [0x00000000d8880000,0x00000000d8880000,0x00000000d9580000)
 ParOldGen       total 86016K, used 11317K [0x0000000083c00000, 0x0000000089000000, 0x00000000d6980000)
  object space 86016K, 13% used [0x0000000083c00000,0x000000008470d590,0x0000000089000000)
 Metaspace       used 17774K, capacity 18480K, committed 18816K, reserved 1064960K
  class space    used 2406K, capacity 2599K, committed 2688K, reserved 1048576K
Event: 20.238 GC heap after
Heap after GC invocations=7 (full 0):
 PSYoungGen      total 44544K, used 192K [0x00000000d6980000, 0x00000000da300000, 0x0000000100000000)
  eden space 31232K, 0% used [0x00000000d6980000,0x00000000d6980000,0x00000000d8800000)
  from space 13312K, 1% used [0x00000000d8880000,0x00000000d88b0000,0x00000000d9580000)
  to   space 13824K, 0% used [0x00000000d9580000,0x00000000d9580000,0x00000000da300000)
 ParOldGen       total 86016K, used 16323K [0x0000000083c00000, 0x0000000089000000, 0x00000000d6980000)
  object space 86016K, 18% used [0x0000000083c00000,0x0000000084bf0ff8,0x0000000089000000)
 Metaspace       used 17774K, capacity 18480K, committed 18816K, reserved 1064960K
  class space    used 2406K, capacity 2599K, committed 2688K, reserved 1048576K
}
Event: 21.737 GC heap before
{Heap before GC invocations=8 (full 0):
 PSYoungGen      total 44544K, used 29015K [0x00000000d6980000, 0x00000000da300000, 0x0000000100000000)
  eden space 31232K, 92% used [0x00000000d6980000,0x00000000d85a5e40,0x00000000d8800000)
  from space 13312K, 1% used [0x00000000d8880000,0x00000000d88b0000,0x00000000d9580000)
  to   space 13824K, 0% used [0x00000000d9580000,0x00000000d9580000,0x00000000da300000)
 ParOldGen       total 86016K, used 16323K [0x0000000083c00000, 0x0000000089000000, 0x00000000d6980000)
  object space 86016K, 18% used [0x0000000083c00000,0x0000000084bf0ff8,0x0000000089000000)
 Metaspace       used 20563K, capacity 21214K, committed 21296K, reserved 1067008K
  class space    used 2726K, capacity 2936K, committed 2944K, reserved 1048576K
Event: 21.738 GC heap after
Heap after GC invocations=8 (full 0):
 PSYoungGen      total 44032K, used 608K [0x00000000d6980000, 0x00000000da280000, 0x0000000100000000)
  eden space 30720K, 0% used [0x00000000d6980000,0x00000000d6980000,0x00000000d8780000)
  from space 13312K, 4% used [0x00000000d9580000,0x00000000d9618000,0x00000000da280000)
  to   space 13824K, 0% used [0x00000000d8780000,0x00000000d8780000,0x00000000d9500000)
 ParOldGen       total 86016K, used 16395K [0x0000000083c00000, 0x0000000089000000, 0x00000000d6980000)
  object space 86016K, 19% used [0x0000000083c00000,0x0000000084c02ff8,0x0000000089000000)
 Metaspace       used 20563K, capacity 21214K, committed 21296K, reserved 1067008K
  class space    used 2726K, capacity 2936K, committed 2944K, reserved 1048576K
}
Event: 21.738 GC heap before
{Heap before GC invocations=9 (full 1):
 PSYoungGen      total 44032K, used 608K [0x00000000d6980000, 0x00000000da280000, 0x0000000100000000)
  eden space 30720K, 0% used [0x00000000d6980000,0x00000000d6980000,0x00000000d8780000)
  from space 13312K, 4% used [0x00000000d9580000,0x00000000d9618000,0x00000000da280000)
  to   space 13824K, 0% used [0x00000000d8780000,0x00000000d8780000,0x00000000d9500000)
 ParOldGen       total 86016K, used 16395K [0x0000000083c00000, 0x0000000089000000, 0x00000000d6980000)
  object space 86016K, 19% used [0x0000000083c00000,0x0000000084c02ff8,0x0000000089000000)
 Metaspace       used 20563K, capacity 21214K, committed 21296K, reserved 1067008K
  class space    used 2726K, capacity 2936K, committed 2944K, reserved 1048576K
Event: 21.804 GC heap after
Heap after GC invocations=9 (full 1):
 PSYoungGen      total 44032K, used 0K [0x00000000d6980000, 0x00000000da280000, 0x0000000100000000)
  eden space 30720K, 0% used [0x00000000d6980000,0x00000000d6980000,0x00000000d8780000)
  from space 13312K, 0% used [0x00000000d9580000,0x00000000d9580000,0x00000000da280000)
  to   space 13824K, 0% used [0x00000000d8780000,0x00000000d8780000,0x00000000d9500000)
 ParOldGen       total 57344K, used 16446K [0x0000000083c00000, 0x0000000087400000, 0x00000000d6980000)
  object space 57344K, 28% used [0x0000000083c00000,0x0000000084c0f998,0x0000000087400000)
 Metaspace       used 20563K, capacity 21214K, committed 21296K, reserved 1067008K
  class space    used 2726K, capacity 2936K, committed 2944K, reserved 1048576K
}
Event: 23.402 GC heap before
{Heap before GC invocations=10 (full 1):
 PSYoungGen      total 44032K, used 30720K [0x00000000d6980000, 0x00000000da280000, 0x0000000100000000)
  eden space 30720K, 100% used [0x00000000d6980000,0x00000000d8780000,0x00000000d8780000)
  from space 13312K, 0% used [0x00000000d9580000,0x00000000d9580000,0x00000000da280000)
  to   space 13824K, 0% used [0x00000000d8780000,0x00000000d8780000,0x00000000d9500000)
 ParOldGen       total 57344K, used 16446K [0x0000000083c00000, 0x0000000087400000, 0x00000000d6980000)
  object space 57344K, 28% used [0x0000000083c00000,0x0000000084c0f998,0x0000000087400000)
 Metaspace       used 22276K, capacity 23020K, committed 23424K, reserved 1069056K
  class space    used 2917K, capacity 3131K, committed 3200K, reserved 1048576K
Event: 23.403 GC heap after
Heap after GC invocations=10 (full 1):
 PSYoungGen      total 31744K, used 1271K [0x00000000d6980000, 0x00000000da200000, 0x0000000100000000)
  eden space 30208K, 0% used [0x00000000d6980000,0x00000000d6980000,0x00000000d8700000)
  from space 1536K, 82% used [0x00000000d8780000,0x00000000d88bdd10,0x00000000d8900000)
  to   space 13824K, 0% used [0x00000000d9480000,0x00000000d9480000,0x00000000da200000)
 ParOldGen       total 57344K, used 16454K [0x0000000083c00000, 0x0000000087400000, 0x00000000d6980000)
  object space 57344K, 28% used [0x0000000083c00000,0x0000000084c11998,0x0000000087400000)
 Metaspace       used 22276K, capacity 23020K, committed 23424K, reserved 1069056K
  class space    used 2917K, capacity 3131K, committed 3200K, reserved 1048576K
}

