# JRE version: Java(TM) SE Runtime Environment (8.0_241-b07) (build 1.8.0_241-b07)
# Java VM: Java HotSpot(TM) 64-Bit Server VM (25.241-b07 mixed mode windows-amd64 compressed oops)
Heap:
 PSYoungGen      total 42496K, used 18329K [0x00000000d6980000, 0x00000000da100000, 0x0000000100000000)
  eden space 29184K, 62% used [0x00000000d6980000,0x00000000d7b2e408,0x00000000d8600000)
  from space 13312K, 1% used [0x00000000d8680000,0x00000000d86b8000,0x00000000d9380000)
  to   space 13824K, 0% used [0x00000000d9380000,0x00000000d9380000,0x00000000da100000)
 ParOldGen       total 86016K, used 24549K [0x0000000083c00000, 0x0000000089000000, 0x00000000d6980000)
  object space 86016K, 28% used [0x0000000083c00000,0x00000000853f97f0,0x0000000089000000)
 Metaspace       used 19270K, capacity 19990K, committed 20224K, reserved 1067008K
  class space    used 2548K, capacity 2740K, committed 2816K, reserved 1048576K
GC Heap History (10 events):
Event: 17.061 GC heap before
{Heap before GC invocations=7 (full 0):
 PSYoungGen      total 44544K, used 36896K [0x00000000d6980000, 0x00000000da380000, 0x0000000100000000)
  eden space 31744K, 100% used [0x00000000d6980000,0x00000000d8880000,0x00000000d8880000)
  from space 12800K, 40% used [0x00000000d9700000,0x00000000d9c08060,0x00000000da380000)
  to   space 13824K, 0% used [0x00000000d8880000,0x00000000d8880000,0x00000000d9600000)
 ParOldGen       total 86016K, used 13345K [0x0000000083c00000, 0x0000000089000000, 0x00000000d6980000)
  object space 86016K, 15% used [0x0000000083c00000,0x00000000849085b0,0x0000000089000000)
 Metaspace       used 18017K, capacity 18704K, committed 18816K, reserved 1064960K
  class space    used 2442K, capacity 2629K, committed 2688K, reserved 1048576K
Event: 17.066 GC heap after
Heap after GC invocations=7 (full 0):
 PSYoungGen      total 45056K, used 2146K [0x00000000d6980000, 0x00000000da400000, 0x0000000100000000)
  eden space 31232K, 0% used [0x00000000d6980000,0x00000000d6980000,0x00000000d8800000)
  from space 13824K, 15% used [0x00000000d8880000,0x00000000d8a988a8,0x00000000d9600000)
  to   space 14336K, 0% used [0x00000000d9600000,0x00000000d9600000,0x00000000da400000)
 ParOldGen       total 86016K, used 18326K [0x0000000083c00000, 0x0000000089000000, 0x00000000d6980000)
  object space 86016K, 21% used [0x0000000083c00000,0x0000000084de5840,0x0000000089000000)
 Metaspace       used 18017K, capacity 18704K, committed 18816K, reserved 1064960K
  class space    used 2442K, capacity 2629K, committed 2688K, reserved 1048576K
}
Event: 18.996 GC heap before
{Heap before GC invocations=8 (full 0):
 PSYoungGen      total 45056K, used 33378K [0x00000000d6980000, 0x00000000da400000, 0x0000000100000000)
  eden space 31232K, 100% used [0x00000000d6980000,0x00000000d8800000,0x00000000d8800000)
  from space 13824K, 15% used [0x00000000d8880000,0x00000000d8a988a8,0x00000000d9600000)
  to   space 14336K, 0% used [0x00000000d9600000,0x00000000d9600000,0x00000000da400000)
 ParOldGen       total 86016K, used 18326K [0x0000000083c00000, 0x0000000089000000, 0x00000000d6980000)
  object space 86016K, 21% used [0x0000000083c00000,0x0000000084de5840,0x0000000089000000)
 Metaspace       used 18106K, capacity 18768K, committed 19072K, reserved 1064960K
  class space    used 2442K, capacity 2629K, committed 2688K, reserved 1048576K
Event: 18.998 GC heap after
Heap after GC invocations=8 (full 0):
 PSYoungGen      total 43520K, used 3940K [0x00000000d6980000, 0x00000000da280000, 0x0000000100000000)
  eden space 30720K, 0% used [0x00000000d6980000,0x00000000d6980000,0x00000000d8780000)
  from space 12800K, 30% used [0x00000000d9600000,0x00000000d99d9150,0x00000000da280000)
  to   space 13824K, 0% used [0x00000000d8780000,0x00000000d8780000,0x00000000d9500000)
 ParOldGen       total 86016K, used 18390K [0x0000000083c00000, 0x0000000089000000, 0x00000000d6980000)
  object space 86016K, 21% used [0x0000000083c00000,0x0000000084df5840,0x0000000089000000)
 Metaspace       used 18106K, capacity 18768K, committed 19072K, reserved 1064960K
  class space    used 2442K, capacity 2629K, committed 2688K, reserved 1048576K
}
Event: 20.930 GC heap before
{Heap before GC invocations=9 (full 0):
 PSYoungGen      total 43520K, used 34660K [0x00000000d6980000, 0x00000000da280000, 0x0000000100000000)
  eden space 30720K, 100% used [0x00000000d6980000,0x00000000d8780000,0x00000000d8780000)
  from space 12800K, 30% used [0x00000000d9600000,0x00000000d99d9150,0x00000000da280000)
  to   space 13824K, 0% used [0x00000000d8780000,0x00000000d8780000,0x00000000d9500000)
 ParOldGen       total 86016K, used 18390K [0x0000000083c00000, 0x0000000089000000, 0x00000000d6980000)
  object space 86016K, 21% used [0x0000000083c00000,0x0000000084df5840,0x0000000089000000)
 Metaspace       used 18146K, capacity 18768K, committed 19072K, reserved 1064960K
  class space    used 2442K, capacity 2629K, committed 2688K, reserved 1048576K
Event: 20.932 GC heap after
Heap after GC invocations=9 (full 0):
 PSYoungGen      total 34304K, used 3972K [0x00000000d6980000, 0x00000000da100000, 0x0000000100000000)
  eden space 30208K, 0% used [0x00000000d6980000,0x00000000d6980000,0x00000000d8700000)
  from space 4096K, 96% used [0x00000000d8780000,0x00000000d8b61150,0x00000000d8b80000)
  to   space 13312K, 0% used [0x00000000d9400000,0x00000000d9400000,0x00000000da100000)
 ParOldGen       total 86016K, used 18422K [0x0000000083c00000, 0x0000000089000000, 0x00000000d6980000)
  object space 86016K, 21% used [0x0000000083c00000,0x0000000084dfd840,0x0000000089000000)
 Metaspace       used 18146K, capacity 18768K, committed 19072K, reserved 1064960K
  class space    used 2442K, capacity 2629K, committed 2688K, reserved 1048576K
}
Event: 22.731 GC heap before
{Heap before GC invocations=10 (full 0):
 PSYoungGen      total 34304K, used 34180K [0x00000000d6980000, 0x00000000da100000, 0x0000000100000000)
  eden space 30208K, 100% used [0x00000000d6980000,0x00000000d8700000,0x00000000d8700000)
  from space 4096K, 96% used [0x00000000d8780000,0x00000000d8b61150,0x00000000d8b80000)
  to   space 13312K, 0% used [0x00000000d9400000,0x00000000d9400000,0x00000000da100000)
 ParOldGen       total 86016K, used 18422K [0x0000000083c00000, 0x0000000089000000, 0x00000000d6980000)
  object space 86016K, 21% used [0x0000000083c00000,0x0000000084dfd840,0x0000000089000000)
 Metaspace       used 18242K, capacity 18966K, committed 19072K, reserved 1064960K
  class space    used 2447K, capacity 2630K, committed 2688K, reserved 1048576K
Event: 22.734 GC heap after
Heap after GC invocations=10 (full 0):
 PSYoungGen      total 42496K, used 2523K [0x00000000d6980000, 0x00000000da080000, 0x0000000100000000)
  eden space 29696K, 0% used [0x00000000d6980000,0x00000000d6980000,0x00000000d8680000)
  from space 12800K, 19% used [0x00000000d9400000,0x00000000d9676e60,0x00000000da080000)
  to   space 13312K, 0% used [0x00000000d8680000,0x00000000d8680000,0x00000000d9380000)
 ParOldGen       total 86016K, used 22226K [0x0000000083c00000, 0x0000000089000000, 0x00000000d6980000)
  object space 86016K, 25% used [0x0000000083c00000,0x00000000851b4990,0x0000000089000000)
 Metaspace       used 18242K, capacity 18966K, committed 19072K, reserved 1064960K
  class space    used 2447K, capacity 2630K, committed 2688K, reserved 1048576K
}
Event: 24.632 GC heap before
{Heap before GC invocations=11 (full 0):
 PSYoungGen      total 42496K, used 32219K [0x00000000d6980000, 0x00000000da080000, 0x0000000100000000)
  eden space 29696K, 100% used [0x00000000d6980000,0x00000000d8680000,0x00000000d8680000)
  from space 12800K, 19% used [0x00000000d9400000,0x00000000d9676e60,0x00000000da080000)
  to   space 13312K, 0% used [0x00000000d8680000,0x00000000d8680000,0x00000000d9380000)
 ParOldGen       total 86016K, used 22226K [0x0000000083c00000, 0x0000000089000000, 0x00000000d6980000)
  object space 86016K, 25% used [0x0000000083c00000,0x00000000851b4990,0x0000000089000000)
 Metaspace       used 18367K, capacity 19058K, committed 19328K, reserved 1067008K
  class space    used 2452K, capacity 2640K, committed 2688K, reserved 1048576K
Event: 24.634 GC heap after
Heap after GC invocations=11 (full 0):
 PSYoungGen      total 42496K, used 224K [0x00000000d6980000, 0x00000000da100000, 0x0000000100000000)
  eden space 29184K, 0% used [0x00000000d6980000,0x00000000d6980000,0x00000000d8600000)
  from space 13312K, 1% used [0x00000000d8680000,0x00000000d86b8000,0x00000000d9380000)
  to   space 13824K, 0% used [0x00000000d9380000,0x00000000d9380000,0x00000000da100000)
 ParOldGen       total 86016K, used 24549K [0x0000000083c00000, 0x0000000089000000, 0x00000000d6980000)
  object space 86016K, 28% used [0x0000000083c00000,0x00000000853f97f0,0x0000000089000000)
 Metaspace       used 18367K, capacity 19058K, committed 19328K, reserved 1067008K
  class space    used 2452K, capacity 2640K, committed 2688K, reserved 1048576K
}

